<beans xmlns="http://www.springframework.org/schema/beans"
       xmlns:xsi="http://www.w3.org/2001/XMLSchema-instance"
       xmlns:jdbc="http://www.springframework.org/schema/jdbc"
       xmlns:jpa="http://www.springframework.org/schema/data/jpa"
       xmlns:context="http://www.springframework.org/schema/context" xsi:schemaLocation="
        http://www.springframework.org/schema/beans http://www.springframework.org/schema/beans/spring-beans-4.0.xsd
        http://www.springframework.org/schema/context http://www.springframework.org/schema/context/spring-context-4.0.xsd
        http://www.springframework.org/schema/jdbc http://www.springframework.org/schema/jdbc/spring-jdbc-3.0.xsd
        http://www.springframework.org/schema/data/jpa http://www.springframework.org/schema/data/jpa/spring-jpa-1.3.xsd
	">

    <context:property-placeholder location="classpath:system.properties"/>

    <context:annotation-config/>

    <context:component-scan base-package="pl.com.softproject.diabetyk.core.service"/>

    <jpa:repositories
            base-package="pl.com.softproject.diabetyk.core.dao"
            factory-class="org.springframework.data.envers.repository.support.EnversRevisionRepositoryFactoryBean"/>

    <jdbc:embedded-database id="dataSource">
        <jdbc:script location="sql/schema.sql"/>
        <jdbc:script location="sql/user.sql"/>
    </jdbc:embedded-database>

    <bean id="entityManagerFactory"
          class="org.springframework.orm.jpa.LocalContainerEntityManagerFactoryBean">
        <property name="dataSource" ref="dataSource"/>
        <property name="packagesToScan"
                  value="pl.com.softproject.diabetyk.core.model"/>
        <property name="jpaProperties">
            <props>
                <prop key="hibernate.default_schema">PUBLIC</prop>
                <prop key="hibernate.hbm2ddl.auto">create</prop>
                <prop key="hibernate.hbm2ddl.import_files">sql/data.sql</prop>
                <prop key="hibernate.format_sql">true</prop>
                <prop key="org.hibernate.envers.audit_table_suffix">_AUDIT</prop>
                <prop key="org.hibernate.envers.default_schema">audit</prop>
            </props>
        </property>
        <property name="jpaVendorAdapter">
            <bean class="org.springframework.orm.jpa.vendor.HibernateJpaVendorAdapter">
                <property name="database" value="HSQL"/>
                <property name="showSql" value="${jdbc.showSql}"/>
            </bean>
        </property>
    </bean>

    <bean id="transactionManager" class="org.springframework.orm.jpa.JpaTransactionManager">
        <property name="entityManagerFactory" ref="entityManagerFactory"/>
    </bean>

</beans>
